<?xml version="1.0" encoding="UTF-8"?>
<TestRun id="d63ebd7d-5272-4f55-81c2-63e697ecdec3" name="ethan@DESKTOP-65TOEP6 2018-01-15 20:12:57" runUser="DESKTOP-65TOEP6\ethan" xmlns="http://microsoft.com/schemas/VisualStudio/TeamTest/2010">
  <Times creation="2018-01-15T20:12:57.6218553-07:00" queuing="2018-01-15T20:12:57.6218703-07:00" start="2018-01-15T20:12:56.2332899-07:00" finish="2018-01-15T20:12:57.6390618-07:00" />
  <TestSettings name="default" id="a91f8a8c-b795-4409-a52f-45d8c2e3e58e">
    <Deployment runDeploymentRoot="ethan_DESKTOP-65TOEP6_2018-01-15_20_12_57" />
  </TestSettings>
  <Results>
    <UnitTestResult executionId="1e8e431a-38fb-4f3d-851b-7cb0cb098cc9" testId="32509400-aff0-44dd-917c-4ab4aef3ee95" testName="InAllCases_GetTrue_ReturnsTrue" computerName="DESKTOP-65TOEP6" duration="00:00:00.0120000" startTime="2018-01-15T20:12:57.0000000-07:00" endTime="2018-01-15T20:12:57.0000000-07:00" testType="13cdc9d9-ddb5-4fa4-a97d-d965ccfc6d4b" outcome="Passed" testListId="8c84fa94-04c1-424b-9868-57a2d4851a1d" relativeResultsDirectory="1e8e431a-38fb-4f3d-851b-7cb0cb098cc9" />
  </Results>
  <TestDefinitions>
    <UnitTest name="InAllCases_GetTrue_ReturnsTrue" storage="c:\code\src\github.com\ekyoung\personal-site-dotnet\test\web.tests\bin\debug\netcoreapp2.0\web.tests.dll" id="32509400-aff0-44dd-917c-4ab4aef3ee95">
      <Execution id="1e8e431a-38fb-4f3d-851b-7cb0cb098cc9" />
      <TestMethod codeBase="C:\code\src\github.com\ekyoung\personal-site-dotnet\test\Web.Tests\bin\Debug\netcoreapp2.0\Web.Tests.dll" executorUriOfAdapter="executor://nunit3testexecutor/" className="Web.Tests.ProgramTests" name="InAllCases_GetTrue_ReturnsTrue" />
    </UnitTest>
  </TestDefinitions>
  <TestEntries>
    <TestEntry testId="32509400-aff0-44dd-917c-4ab4aef3ee95" executionId="1e8e431a-38fb-4f3d-851b-7cb0cb098cc9" testListId="8c84fa94-04c1-424b-9868-57a2d4851a1d" />
  </TestEntries>
  <TestLists>
    <TestList name="Results Not in a List" id="8c84fa94-04c1-424b-9868-57a2d4851a1d" />
    <TestList name="All Loaded Results" id="19431567-8539-422a-85d7-44ee4e166bda" />
  </TestLists>
  <ResultSummary outcome="Completed">
    <Counters total="1" executed="1" passed="1" failed="0" error="0" timeout="0" aborted="0" inconclusive="0" passedButRunAborted="0" notRunnable="0" notExecuted="0" disconnected="0" warning="0" completed="0" inProgress="0" pending="0" />
    <Output>
      <StdOut>NUnit Adapter 3.9.0.0: Test execution startedRunning all tests in C:\code\src\github.com\ekyoung\personal-site-dotnet\test\Web.Tests\bin\Debug\netcoreapp2.0\Web.Tests.dllNUnit3TestExecutor converted 1 of 1 NUnit test casesNUnit Adapter 3.9.0.0: Test execution complete</StdOut>
    </Output>
  </ResultSummary>
</TestRun>